<?xml version="1.0" encoding="UTF-8"?>
<testng-results ignored="0" total="1" passed="1" failed="0" skipped="0">
  <reporter-output>
  </reporter-output>
  <suite started-at="2024-04-28T10:54:00 IST" name="Default suite" finished-at="2024-04-28T10:54:01 IST" duration-ms="1735">
    <groups>
    </groups>
    <test started-at="2024-04-28T10:54:00 IST" name="Default test" finished-at="2024-04-28T10:54:01 IST" duration-ms="1735">
      <class name="day_1.GetRequiest1">
        <test-method signature="getSingleUser()[pri:0, instance:day_1.GetRequiest1@2b91004a]" started-at="2024-04-28T10:54:00 IST" name="getSingleUser" finished-at="2024-04-28T10:54:01 IST" duration-ms="1682" status="PASS">
          <reporter-output>
          </reporter-output>
        </test-method> <!-- getSingleUser -->
      </class> <!-- day_1.GetRequiest1 -->
    </test> <!-- Default test -->
  </suite> <!-- Default suite -->
</testng-results>
